<?xml version="1.0" encoding="UTF-8"?>
<testng-results ignored="3" total="4" passed="1" failed="0" skipped="0">
  <reporter-output>
  </reporter-output>
  <suite started-at="2022-10-21T18:34:39 GMT-04:00" name="Default suite" finished-at="2022-10-21T18:34:41 GMT-04:00" duration-ms="2015">
    <groups>
    </groups>
    <test started-at="2022-10-21T18:34:39 GMT-04:00" name="Default test" finished-at="2022-10-21T18:34:41 GMT-04:00" duration-ms="2015">
      <class name="test.testexample3">
        <test-method signature="testDelete()[pri:0, instance:test.testexample3@26275bef]" started-at="2022-10-21T18:34:39 GMT-04:00" name="testDelete" finished-at="2022-10-21T18:34:41 GMT-04:00" duration-ms="1972" status="PASS">
          <reporter-output>
          </reporter-output>
        </test-method> <!-- testDelete -->
      </class> <!-- test.testexample3 -->
    </test> <!-- Default test -->
  </suite> <!-- Default suite -->
</testng-results>
