<?xml version="1.0" encoding="UTF-8"?>
<!-- Generated by org.testng.reporters.JUnitXMLReporter -->
<testsuite ignored="3" hostname="LAPTOP-TED4PII7" failures="0" tests="1" name="Default test" time="2.015" errors="0" timestamp="2022-10-21T18:34:41 GMT-04:00">
  <testcase classname="test.testexample3" name="testDelete" time="1.972"/>
  <testcase classname="test.testexample3" name="testPost" time="0.0">
    <ignored/>
  </testcase> <!-- testPost -->
  <testcase classname="test.testexample3" name="testPut" time="0.0">
    <ignored/>
  </testcase> <!-- testPut -->
  <testcase classname="test.testexample3" name="testPatch" time="0.0">
    <ignored/>
  </testcase> <!-- testPatch -->
</testsuite> <!-- Default test -->
